# do {tb_ip_clk_wiz_compile.do}
# Model Technology ModelSim SE-64 vmap 2020.4 Lib Mapping Utility 2020.10 Oct 13 2020
# vmap xil_defaultlib modelsim_lib/msim/xil_defaultlib 
# Modifying modelsim.ini
# Model Technology ModelSim SE-64 vlog 2020.4 Compiler 2020.10 Oct 13 2020
# Start time: 22:05:45 on Oct 18,2023
# vlog -incr -work xil_defaultlib "+incdir+../../../../ip_clk_wiz.gen/sources_1/ip/clk_wiz_0" ../../../../ip_clk_wiz.gen/sources_1/ip/clk_wiz_0/clk_wiz_0_clk_wiz.v ../../../../ip_clk_wiz.gen/sources_1/ip/clk_wiz_0/clk_wiz_0.v ../../../../../rtl/ip_clk_wiz.v ../../../../../sim/tb/tb_ip_clk_wiz.v 
# -- Compiling module clk_wiz_0_clk_wiz
# -- Compiling module clk_wiz_0
# -- Compiling module ip_clk_wiz
# -- Compiling module tb_ip_clk_wiz
# 
# Top level modules:
# 	tb_ip_clk_wiz
# End time: 22:05:45 on Oct 18,2023, Elapsed time: 0:00:00
# Errors: 0, Warnings: 0
# Model Technology ModelSim SE-64 vlog 2020.4 Compiler 2020.10 Oct 13 2020
# Start time: 22:05:45 on Oct 18,2023
# vlog -work xil_defaultlib glbl.v 
# -- Compiling module glbl
# 
# Top level modules:
# 	glbl
# End time: 22:05:45 on Oct 18,2023, Elapsed time: 0:00:00
# Errors: 0, Warnings: 0
