# //  ModelSim SE-64 2020.4 Oct 13 2020
# //
# //  Copyright 1991-2020 Mentor Graphics Corporation
# //  All Rights Reserved.
# //
# //  ModelSim SE-64 and its associated documentation contain trade
# //  secrets and commercial or financial information that are the property of
# //  Mentor Graphics Corporation and are privileged, confidential,
# //  and exempt from disclosure under the Freedom of Information Act,
# //  5 U.S.C. Section 552. Furthermore, this information
# //  is prohibited from disclosure under the Trade Secrets Act,
# //  18 U.S.C. Section 1905.
# //
# do {tb_uart_loopback_simulate.do}
# vsim -voptargs=""+acc"" -L xil_defaultlib -L unisims_ver -L unimacro_ver -L secureip -lib xil_defaultlib xil_defaultlib.tb_uart_loopback xil_defaultlib.glbl 
# Start time: 22:11:29 on Oct 26,2023
# ** Note: (vsim-8009) Loading existing optimized design _opt2
# Loading work.tb_uart_loopback(fast)
# Loading work.uart_loopback(fast)
# Loading work.uart_rx(fast)
# Loading work.uart_tx(fast)
# Loading work.glbl(fast)
# 1
# 1
# ** Warning: (vsim-WLF-5000) WLF file currently in use: vsim.wlf
#           File in use by: huang  Hostname: DESKTOP-HL6DT46  ProcessID: 7928
#           Attempting to use alternate WLF file "./wlfte8w5hq".
# ** Warning: (vsim-WLF-5001) Could not open WLF file: vsim.wlf
#           Using alternate file: ./wlfte8w5hq
# .main_pane.wave.interior.cs.body.pw.wf
# .main_pane.structure.interior.cs.body.struct
# .main_pane.objects.interior.cs.body.tree
add wave -position insertpoint  \
sim:/tb_uart_loopback/u_uart_loopback/uart_rx_data
add wave -position insertpoint  \
sim:/tb_uart_loopback/u_uart_loopback/uart_txd
restart
# ** Note: (vsim-12125) Error and warning message counts have been reset to '0' because of 'restart'.
# ** Note: (vsim-8009) Loading existing optimized design _opt2
# Loading work.tb_uart_loopback(fast)
# Loading work.uart_loopback(fast)
# Loading work.uart_rx(fast)
# Loading work.uart_tx(fast)
# Loading work.glbl(fast)
run
restart
# ** Note: (vsim-8009) Loading existing optimized design _opt2
# Loading work.tb_uart_loopback(fast)
# Loading work.uart_loopback(fast)
# Loading work.uart_rx(fast)
# Loading work.uart_tx(fast)
# Loading work.glbl(fast)
run
restart
# ** Note: (vsim-8009) Loading existing optimized design _opt2
# Loading work.tb_uart_loopback(fast)
# Loading work.uart_loopback(fast)
# Loading work.uart_rx(fast)
# Loading work.uart_tx(fast)
# Loading work.glbl(fast)
run
restart
# ** Note: (vsim-8009) Loading existing optimized design _opt2
# Loading work.tb_uart_loopback(fast)
# Loading work.uart_loopback(fast)
# Loading work.uart_rx(fast)
# Loading work.uart_tx(fast)
# Loading work.glbl(fast)
run
add wave -position insertpoint  \
sim:/tb_uart_loopback/u_uart_loopback/u_uart_rx/uart_rxd_d0
add wave -position insertpoint  \
sim:/tb_uart_loopback/u_uart_loopback/u_uart_rx/uart_rxd_d1
add wave -position insertpoint  \
sim:/tb_uart_loopback/u_uart_loopback/u_uart_rx/uart_rxd_d2
add wave -position insertpoint  \
sim:/tb_uart_loopback/u_uart_loopback/u_uart_rx/uart_rxd
add wave -position insertpoint  \
sim:/tb_uart_loopback/u_uart_loopback/u_uart_tx/baud_cnt
restart
# ** Note: (vsim-8009) Loading existing optimized design _opt2
# Loading work.tb_uart_loopback(fast)
# Loading work.uart_loopback(fast)
# Loading work.uart_rx(fast)
# Loading work.uart_tx(fast)
# Loading work.glbl(fast)
run
# End time: 22:17:54 on Oct 26,2023, Elapsed time: 0:06:25
# Errors: 0, Warnings: 0
