# //  ModelSim SE-64 2020.4 Oct 13 2020
# //
# //  Copyright 1991-2020 Mentor Graphics Corporation
# //  All Rights Reserved.
# //
# //  ModelSim SE-64 and its associated documentation contain trade
# //  secrets and commercial or financial information that are the property of
# //  Mentor Graphics Corporation and are privileged, confidential,
# //  and exempt from disclosure under the Freedom of Information Act,
# //  5 U.S.C. Section 552. Furthermore, this information
# //  is prohibited from disclosure under the Trade Secrets Act,
# //  18 U.S.C. Section 1905.
# //
# do {tb_ip_1port_ram_simulate.do}
# vsim -voptargs=""+acc"" -L xil_defaultlib -L blk_mem_gen_v8_4_4 -L unisims_ver -L unimacro_ver -L secureip -L xpm -lib xil_defaultlib xil_defaultlib.tb_ip_1port_ram xil_defaultlib.glbl 
# Start time: 16:04:08 on Oct 19,2023
# ** Note: (vsim-3812) Design is being optimized...
# Loading work.tb_ip_1port_ram(fast)
# Loading work.ip_1port_ram(fast)
# Loading work.ram_rw(fast)
# Loading work.ila_0(fast)
# Loading work.blk_mem_gen_0(fast)
# Loading blk_mem_gen_v8_4_4.blk_mem_gen_v8_4_4(fast)
# Loading blk_mem_gen_v8_4_4.blk_mem_gen_v8_4_4_mem_module(fast)
# Loading blk_mem_gen_v8_4_4.blk_mem_gen_v8_4_4_output_stage(fast)
# Loading blk_mem_gen_v8_4_4.blk_mem_gen_v8_4_4_output_stage(fast__1)
# Loading blk_mem_gen_v8_4_4.blk_mem_gen_v8_4_4_softecc_output_reg_stage(fast)
# Loading work.glbl(fast)
# 1
# 1
# .main_pane.wave.interior.cs.body.pw.wf
# .main_pane.structure.interior.cs.body.struct
# .main_pane.objects.interior.cs.body.tree
# Block Memory Generator module tb_ip_1port_ram.u_ip_1port_ram.blk_mem_gen_0.inst.native_mem_module.blk_mem_gen_v8_4_4_inst is using a behavioral model for simulation which will not precisely model memory collision behavior.
add wave -position insertpoint sim:/tb_ip_1port_ram/u_ip_1port_ram/*
run
run
# End time: 16:08:28 on Oct 19,2023, Elapsed time: 0:04:20
# Errors: 0, Warnings: 0
